<?xml version="1.0" encoding="UTF-8"?>
<!-- Generated by org.testng.reporters.JUnitReportReporter -->
<testsuite hostname="Mac-mini.local" failures="0" tests="1" name="test.ActionsAndFrames" time="3.801" errors="0" timestamp="24 Jun 2023 15:47:29 GMT" skipped="0">
  <testcase classname="test.ActionsAndFrames" name="testActions" time="3.801"/>
</testsuite> <!-- test.ActionsAndFrames -->
